{
  "passed": true,
  "profile": "device",
  "counterpart_id": "device-client",
  "generated_at": "2026-03-26T23:28:15+00:00",
  "summary": {
    "scenario_count": 4,
    "target_count": 1
  },
  "scenario_results": [
    {
      "id": "device-authorization",
      "passed": true,
      "notes": "device-authorization completed successfully in the staged external-root fixture set."
    },
    {
      "id": "device-token-poll",
      "passed": true,
      "notes": "device-token-poll completed successfully in the staged external-root fixture set."
    },
    {
      "id": "device-slow-down",
      "passed": true,
      "notes": "device-slow-down completed successfully in the staged external-root fixture set."
    },
    {
      "id": "device-denial-replay",
      "passed": true,
      "notes": "device-denial-replay completed successfully in the staged external-root fixture set."
    }
  ]
}
