{
  "passed": true,
  "profile": "rp-session-logout",
  "counterpart_id": "rp-session-logout-rp",
  "generated_at": "2026-03-26T23:28:15+00:00",
  "summary": {
    "scenario_count": 5,
    "target_count": 5
  },
  "scenario_results": [
    {
      "id": "session-state-check",
      "passed": true,
      "notes": "session-state-check completed successfully in the staged external-root fixture set."
    },
    {
      "id": "rp-initiated-logout",
      "passed": true,
      "notes": "rp-initiated-logout completed successfully in the staged external-root fixture set."
    },
    {
      "id": "frontchannel-fanout",
      "passed": true,
      "notes": "frontchannel-fanout completed successfully in the staged external-root fixture set."
    },
    {
      "id": "backchannel-delivery",
      "passed": true,
      "notes": "backchannel-delivery completed successfully in the staged external-root fixture set."
    },
    {
      "id": "cookie-rotation-and-replay",
      "passed": true,
      "notes": "cookie-rotation-and-replay completed successfully in the staged external-root fixture set."
    }
  ]
}
