{
  "passed": true,
  "profile": "ops-cli",
  "counterpart_id": "ops-cli-harness",
  "generated_at": "2026-03-26T23:28:15+00:00",
  "summary": {
    "scenario_count": 5,
    "target_count": 7
  },
  "scenario_results": [
    {
      "id": "cli-surface",
      "passed": true,
      "notes": "cli-surface completed successfully in the staged external-root fixture set."
    },
    {
      "id": "bootstrap-migration",
      "passed": true,
      "notes": "bootstrap-migration completed successfully in the staged external-root fixture set."
    },
    {
      "id": "release-bundle-signing",
      "passed": true,
      "notes": "release-bundle-signing completed successfully in the staged external-root fixture set."
    },
    {
      "id": "contract-export-verify",
      "passed": true,
      "notes": "contract-export-verify completed successfully in the staged external-root fixture set."
    },
    {
      "id": "operator-lifecycle-roundtrip",
      "passed": true,
      "notes": "operator-lifecycle-roundtrip completed successfully in the staged external-root fixture set."
    }
  ]
}
