{
  "passed": true,
  "profile": "resource-server",
  "counterpart_id": "resource-server",
  "generated_at": "2026-03-26T23:28:15+00:00",
  "summary": {
    "scenario_count": 6,
    "target_count": 7
  },
  "scenario_results": [
    {
      "id": "bearer-resource",
      "passed": true,
      "notes": "bearer-resource completed successfully in the staged external-root fixture set."
    },
    {
      "id": "introspection-resource",
      "passed": true,
      "notes": "introspection-resource completed successfully in the staged external-root fixture set."
    },
    {
      "id": "jwt-access-token-resource",
      "passed": true,
      "notes": "jwt-access-token-resource completed successfully in the staged external-root fixture set."
    },
    {
      "id": "token-exchange-resource",
      "passed": true,
      "notes": "token-exchange-resource completed successfully in the staged external-root fixture set."
    },
    {
      "id": "resource-indicator-binding",
      "passed": true,
      "notes": "resource-indicator-binding completed successfully in the staged external-root fixture set."
    },
    {
      "id": "hardening-protected-resource-metadata",
      "passed": true,
      "notes": "hardening-protected-resource-metadata completed successfully in the staged external-root fixture set."
    }
  ]
}
