{
  "passed": true,
  "profile": "mtls",
  "counterpart_id": "mtls-peer",
  "generated_at": "2026-03-26T23:28:15+00:00",
  "summary": {
    "scenario_count": 3,
    "target_count": 2
  },
  "scenario_results": [
    {
      "id": "mtls-token",
      "passed": true,
      "notes": "mtls-token completed successfully in the staged external-root fixture set."
    },
    {
      "id": "mtls-bound-resource",
      "passed": true,
      "notes": "mtls-bound-resource completed successfully in the staged external-root fixture set."
    },
    {
      "id": "mtls-token-exchange",
      "passed": true,
      "notes": "mtls-token-exchange completed successfully in the staged external-root fixture set."
    }
  ]
}
