# Tier 3 evidence bundle transcript (baseline)

## scripts/claims_lint.py
- rc: `0`
- timestamp: `2026-03-26T00:08:43+00:00`

### stdout
```text

```

### stderr
```text

```

## scripts/verify_contract_sync.py
- rc: `0`
- timestamp: `2026-03-26T00:08:43+00:00`

### stdout
```text

```

### stderr
```text

```

## scripts/verify_feature_surface_modularity.py
- rc: `0`
- timestamp: `2026-03-26T00:08:44+00:00`

### stdout
```text

```

### stderr
```text

```

## scripts/verify_target_module_mapping.py
- rc: `0`
- timestamp: `2026-03-26T00:08:44+00:00`

### stdout
```text

```

### stderr
```text

```

## scripts/verify_target_route_mapping.py
- rc: `0`
- timestamp: `2026-03-26T00:08:45+00:00`

### stdout
```text

```

### stderr
```text

```

## scripts/verify_target_contract_mapping.py
- rc: `0`
- timestamp: `2026-03-26T00:08:45+00:00`

### stdout
```text

```

### stderr
```text

```

## scripts/verify_target_test_mapping.py
- rc: `0`
- timestamp: `2026-03-26T00:08:45+00:00`

### stdout
```text

```

### stderr
```text

```

## scripts/verify_target_evidence_mapping.py
- rc: `0`
- timestamp: `2026-03-26T00:08:45+00:00`

### stdout
```text

```

### stderr
```text

```

## scripts/verify_evidence_peer.py
- rc: `0`
- timestamp: `2026-03-26T00:08:45+00:00`

### stdout
```text

```

### stderr
```text

```
