{
  "passed": true,
  "profile": "client-mgmt",
  "counterpart_id": "client-mgmt-harness",
  "generated_at": "2026-03-26T23:28:15+00:00",
  "summary": {
    "scenario_count": 3,
    "target_count": 2
  },
  "scenario_results": [
    {
      "id": "client-register",
      "passed": true,
      "notes": "client-register completed successfully in the staged external-root fixture set."
    },
    {
      "id": "client-read-update-delete",
      "passed": true,
      "notes": "client-read-update-delete completed successfully in the staged external-root fixture set."
    },
    {
      "id": "client-registration-access-token",
      "passed": true,
      "notes": "client-registration-access-token completed successfully in the staged external-root fixture set."
    }
  ]
}
