# Tier 3 execution transcript for RFC 7523

- profile: `production`
- generated_at: `2026-03-23T21:47:13+00:00`
- execution_mode: `dependency-light preserved evidence`
- note: `Targeted phase-6 unit coverage was executed with PYTHONPATH=. and --noconftest because the full Tigrbl/SQLAlchemy runtime stack is not installed in this checkpoint container.`

## Targeted pytest transcript
```text
tests/unit/test_rfc7516_jwe.py::test_encrypt_and_decrypt_jwe_round_trip PASSED [  2%]
tests/unit/test_rfc7516_jwe.py::test_rejects_invalid_direct_encryption_key_length PASSED [  5%]
tests/unit/test_rfc7516_jwe.py::test_rejects_unsupported_header_alg PASSED [  8%]
tests/unit/test_rfc7516_jwe.py::test_rejects_invalid_compact_jwe_serialization PASSED [ 11%]
tests/unit/test_rfc7516_jwe.py::test_rejects_mismatched_key_material PASSED [ 14%]
tests/unit/test_oidc_id_token_encryption.py::test_id_token_encryption_and_metadata PASSED [ 17%]
tests/unit/test_rfc7521_assertion_framework.py::test_validate_jwt_assertion_success PASSED [ 20%]
tests/unit/test_rfc7521_assertion_framework.py::test_validate_jwt_assertion_missing_claim PASSED [ 22%]
tests/unit/test_rfc7521_assertion_framework.py::test_validate_jwt_assertion_invalid_audience PASSED [ 25%]
tests/unit/test_rfc7521_assertion_framework.py::test_validate_jwt_assertion_expired PASSED [ 28%]
tests/unit/test_rfc7521_assertion_framework.py::test_validate_jwt_assertion_future_nbf_rejected PASSED [ 31%]
tests/unit/test_rfc7521_assertion_framework.py::test_validate_assertion_grant_request_requires_assertion_and_grant_type PASSED [ 34%]
tests/unit/test_rfc7521_assertion_framework.py::test_validate_assertion_grant_request_success PASSED [ 37%]
tests/unit/test_rfc7521_assertion_framework.py::test_build_assertion_contract_examples_include_required_surface PASSED [ 40%]
tests/unit/test_rfc7521_assertion_framework.py::test_validate_jwt_assertion_disabled PASSED [ 42%]
tests/unit/test_rfc7523_jwt_profile.py::test_validate_client_jwt_bearer_success_with_strict_claims PASSED [ 45%]
tests/unit/test_rfc7523_jwt_profile.py::test_validate_client_jwt_bearer_missing_required_claim PASSED [ 48%]
tests/unit/test_rfc7523_jwt_profile.py::test_validate_client_jwt_bearer_missing_strict_jti PASSED [ 51%]
tests/unit/test_rfc7523_jwt_profile.py::test_validate_client_jwt_bearer_mismatched_subject PASSED [ 54%]
tests/unit/test_rfc7523_jwt_profile.py::test_validate_client_jwt_bearer_invalid_audience PASSED [ 57%]
tests/unit/test_rfc7523_jwt_profile.py::test_validate_client_jwt_bearer_client_id_mismatch PASSED [ 60%]
tests/unit/test_rfc7523_jwt_profile.py::test_validate_client_jwt_bearer_expired_assertion PASSED [ 62%]
tests/unit/test_rfc7523_jwt_profile.py::test_authenticate_client_assertion_rejects_wrong_type PASSED [ 65%]
tests/unit/test_rfc7523_jwt_profile.py::test_supported_metadata_surfaces_reflect_runtime_support PASSED [ 68%]
tests/unit/test_rfc7523_jwt_profile.py::test_validate_client_jwt_bearer_disabled PASSED [ 71%]
tests/unit/test_rfc8252_native_app_redirects.py::test_accepts_loopback_redirect_uri_with_explicit_port PASSED [ 74%]
tests/unit/test_rfc8252_native_app_redirects.py::test_accepts_private_use_scheme_redirect_uri_without_authority PASSED [ 77%]
tests/unit/test_rfc8252_native_app_redirects.py::test_rejects_public_http_redirect_uri PASSED [ 80%]
tests/unit/test_rfc8252_native_app_redirects.py::test_rejects_https_loopback_redirect_for_native_apps PASSED [ 82%]
tests/unit/test_rfc8252_native_app_redirects.py::test_rejects_private_use_scheme_with_authority PASSED [ 85%]
tests/unit/test_rfc8252_native_app_redirects.py::test_validate_native_client_metadata_derives_pkce_policy PASSED [ 88%]
tests/unit/test_rfc8252_native_app_redirects.py::test_validate_native_client_metadata_rejects_non_code_response_type PASSED [ 91%]
tests/unit/test_rfc8252_native_app_redirects.py::test_validate_native_authorization_request_requires_pkce_and_code_flow PASSED [ 94%]
tests/unit/test_rfc8252_native_app_redirects.py::test_validate_native_token_request_requires_code_verifier PASSED [ 97%]
tests/unit/test_rfc8252_native_app_redirects.py::test_classify_native_redirect_uri_records_profile_kind PASSED [100%]

=============================== warnings summary ===============================
../../../opt/pyvenv/lib/python3.13/site-packages/_pytest/config/__init__.py:1428
  /opt/pyvenv/lib/python3.13/site-packages/_pytest/config/__init__.py:1428: PytestConfigWarning: Unknown config option: timeout
  
    self._warn_or_fail_if_strict(f"Unknown config option: {key}\n")

tests/unit/test_oidc_id_token_encryption.py: 1 warning
tests/unit/test_rfc7521_assertion_framework.py: 7 warnings
tests/unit/test_rfc7523_jwt_profile.py: 9 warnings
  /opt/pyvenv/lib/python3.13/site-packages/jwt/api_jwt.py:153: InsecureKeyLengthWarning: The HMAC key is 19 bytes long, which is below the minimum recommended length of 32 bytes for SHA256. See RFC 7518 Section 3.2.
    return self._jws.encode(

tests/unit/test_oidc_id_token_encryption.py: 1 warning
tests/unit/test_rfc7521_assertion_framework.py: 6 warnings
tests/unit/test_rfc7523_jwt_profile.py: 7 warnings
  /opt/pyvenv/lib/python3.13/site-packages/jwt/api_jwt.py:371: InsecureKeyLengthWarning: The HMAC key is 19 bytes long, which is below the minimum recommended length of 32 bytes for SHA256. See RFC 7518 Section 3.2.
    decoded = self.decode_complete(

-- Docs: https://docs.pytest.org/en/stable/how-to/capture-warnings.html
======================= 35 passed, 32 warnings in 0.50s ========================
```

## Governance regeneration commands
- `python scripts/generate_effective_release_manifests.py`
- `python scripts/generate_certification_scope.py`
- `python scripts/generate_openapi_contract.py`
- `python scripts/generate_discovery_snapshots.py`
- `python scripts/generate_state_reports.py`
- `python scripts/run_release_gates.py`
- `python scripts/build_release_bundle.py`
- `python scripts/sign_release_bundle.py`
- `python scripts/verify_release_signing.py`
- `python scripts/run_recertification.py`
