{
  "passed": true,
  "profile": "gateway",
  "counterpart_id": "gateway-peer",
  "generated_at": "2026-03-26T23:28:15+00:00",
  "summary": {
    "scenario_count": 4,
    "target_count": 7
  },
  "scenario_results": [
    {
      "id": "gateway-discovery",
      "passed": true,
      "notes": "gateway-discovery completed successfully in the staged external-root fixture set."
    },
    {
      "id": "gateway-jwks",
      "passed": true,
      "notes": "gateway-jwks completed successfully in the staged external-root fixture set."
    },
    {
      "id": "gateway-protected-resource",
      "passed": true,
      "notes": "gateway-protected-resource completed successfully in the staged external-root fixture set."
    },
    {
      "id": "gateway-hardening-discovery-truthfulness",
      "passed": true,
      "notes": "gateway-hardening-discovery-truthfulness completed successfully in the staged external-root fixture set."
    }
  ]
}
