{
  "passed": true,
  "profile": "runner-uvicorn",
  "counterpart_id": "uvicorn-runner",
  "generated_at": "2026-03-26T23:28:15+00:00",
  "summary": {
    "scenario_count": 3,
    "target_count": 2
  },
  "scenario_results": [
    {
      "id": "runner-launch",
      "passed": true,
      "notes": "runner-launch completed successfully in the staged external-root fixture set."
    },
    {
      "id": "runner-health",
      "passed": true,
      "notes": "runner-health completed successfully in the staged external-root fixture set."
    },
    {
      "id": "runner-contract-hash",
      "passed": true,
      "notes": "runner-contract-hash completed successfully in the staged external-root fixture set."
    }
  ]
}
