{
  "passed": true,
  "profile": "assertion-client",
  "counterpart_id": "assertion-client-harness",
  "generated_at": "2026-03-26T23:28:15+00:00",
  "summary": {
    "scenario_count": 5,
    "target_count": 7
  },
  "scenario_results": [
    {
      "id": "jwt-client-auth",
      "passed": true,
      "notes": "jwt-client-auth completed successfully in the staged external-root fixture set."
    },
    {
      "id": "assertion-grant",
      "passed": true,
      "notes": "assertion-grant completed successfully in the staged external-root fixture set."
    },
    {
      "id": "jwt-bearer-claim-validation",
      "passed": true,
      "notes": "jwt-bearer-claim-validation completed successfully in the staged external-root fixture set."
    },
    {
      "id": "token-revocation",
      "passed": true,
      "notes": "token-revocation completed successfully in the staged external-root fixture set."
    },
    {
      "id": "jwks-key-selection",
      "passed": true,
      "notes": "jwks-key-selection completed successfully in the staged external-root fixture set."
    }
  ]
}
