{
  "passed": true,
  "profile": "spa",
  "counterpart_id": "spa-rp",
  "generated_at": "2026-03-26T23:28:15+00:00",
  "summary": {
    "scenario_count": 3,
    "target_count": 4
  },
  "scenario_results": [
    {
      "id": "spa-authz-code-pkce",
      "passed": true,
      "notes": "spa-authz-code-pkce completed successfully in the staged external-root fixture set."
    },
    {
      "id": "spa-discovery",
      "passed": true,
      "notes": "spa-discovery completed successfully in the staged external-root fixture set."
    },
    {
      "id": "spa-hardening-discovery-truthfulness",
      "passed": true,
      "notes": "spa-hardening-discovery-truthfulness completed successfully in the staged external-root fixture set."
    }
  ]
}
