{
  "passed": true,
  "profile": "dpop",
  "counterpart_id": "dpop-client",
  "generated_at": "2026-03-26T23:28:15+00:00",
  "summary": {
    "scenario_count": 3,
    "target_count": 2
  },
  "scenario_results": [
    {
      "id": "dpop-token",
      "passed": true,
      "notes": "dpop-token completed successfully in the staged external-root fixture set."
    },
    {
      "id": "dpop-replay-rejection",
      "passed": true,
      "notes": "dpop-replay-rejection completed successfully in the staged external-root fixture set."
    },
    {
      "id": "dpop-nonce-recovery",
      "passed": true,
      "notes": "dpop-nonce-recovery completed successfully in the staged external-root fixture set."
    }
  ]
}
