$ /opt/pyvenv/bin/python -m pytest --noconftest -q tests/unit/test_session_logout_cluster_b.py tests/conformance/production/test_oidc_session_management.py tests/conformance/production/test_oidc_rp_initiated_logout.py tests/negative/test_cookie_and_logout_abuse_cases.py

STDOUT:

tests/unit/test_session_logout_cluster_b.py::test_session_state_validation_accepts_matching_client_origin_and_salt PASSED [  4%]
tests/unit/test_session_logout_cluster_b.py::test_session_state_validation_rejects_origin_mismatch PASSED [  9%]
tests/unit/test_session_logout_cluster_b.py::test_validate_session_state_for_client_uses_session_salt PASSED [ 14%]
tests/unit/test_session_logout_cluster_b.py::test_session_management_description_is_truthful_about_iframe_claims PASSED [ 19%]
tests/unit/test_session_logout_cluster_b.py::test_validate_post_logout_redirect_uri_accepts_registered_uri PASSED [ 23%]
tests/unit/test_session_logout_cluster_b.py::test_validate_id_token_hint_rejects_sid_mismatch PASSED [ 28%]
tests/unit/test_session_logout_cluster_b.py::test_validate_logout_request_rejects_cross_client_misuse PASSED [ 33%]
tests/unit/test_session_logout_cluster_b.py::test_build_logout_plan_reuses_existing_record_and_marks_replay PASSED [ 38%]
tests/conformance/production/test_oidc_session_management.py::test_session_state_depends_on_client_redirect_and_salt PASSED [ 42%]
tests/conformance/production/test_oidc_session_management.py::test_session_state_validation_is_origin_bound PASSED [ 47%]
tests/conformance/production/test_oidc_session_management.py::test_session_management_description_remains_truthful_about_current_claims PASSED [ 52%]
tests/conformance/production/test_oidc_rp_initiated_logout.py::test_oidc_rp_initiated_logout_route_is_active_in_production PASSED [ 57%]
tests/conformance/production/test_oidc_rp_initiated_logout.py::test_oidc_rp_initiated_logout_route_is_active_in_hardening PASSED [ 61%]
tests/conformance/production/test_oidc_rp_initiated_logout.py::test_oidc_rp_initiated_logout_discovery_is_truthful PASSED [ 66%]
tests/conformance/production/test_oidc_rp_initiated_logout.py::test_oidc_rp_initiated_logout_description_reports_validation_support PASSED [ 71%]
tests/negative/test_cookie_and_logout_abuse_cases.py::test_invalid_cookie_payload_is_rejected PASSED [ 76%]
tests/negative/test_cookie_and_logout_abuse_cases.py::test_invalid_cookie_uuid_is_rejected PASSED [ 80%]
tests/negative/test_cookie_and_logout_abuse_cases.py::test_logout_redirect_requires_client_registration PASSED [ 85%]
tests/negative/test_cookie_and_logout_abuse_cases.py::test_logout_rejects_invalid_id_token_hint PASSED [ 90%]
tests/negative/test_cookie_and_logout_abuse_cases.py::test_logout_rejects_expired_session_rows PASSED [ 95%]
tests/negative/test_cookie_and_logout_abuse_cases.py::test_logout_rejects_cross_client_misuse_without_hint PASSED [100%]

=============================== warnings summary ===============================
../../../../opt/pyvenv/lib/python3.13/site-packages/_pytest/config/__init__.py:1428
  /opt/pyvenv/lib/python3.13/site-packages/_pytest/config/__init__.py:1428: PytestConfigWarning: Unknown config option: timeout
  
    self._warn_or_fail_if_strict(f"Unknown config option: {key}\n")

-- Docs: https://docs.pytest.org/en/stable/how-to/capture-warnings.html
======================== 21 passed, 1 warning in 0.47s =========================

STDERR:

RETURN CODE: 0
